$ next build
- info Loaded env from /Users/margarita/Developer/fistbump/apps/client/.env
- info Creating an optimized production build...
Warning: For production Image Optimization with Next.js, the optional 'sharp' package is strongly recommended. Run 'npm i sharp', and Next.js will use it automatically for Image Optimization.
Read more: https://nextjs.org/docs/messages/sharp-missing-in-production
- info Compiled successfully
- info Linting and checking validity of types...
- info Collecting page data...
- info Generating static pages (0/6)
- info Generating static pages (1/6)
- info Generating static pages (2/6)
- info Generating static pages (4/6)
- info Generating static pages (6/6)
- info Finalizing page optimization...

Route (app)                                Size     First Load JS
┌ ○ /                                      190 B          84.5 kB
├ ○ /dashboard                             3.02 kB         113 kB
├ λ /employee/[id]/new-review              8.23 kB         118 kB
├ λ /employee/[id]/report/[cycleId]        180 B          78.8 kB
├ ○ /login                                 24.9 kB         135 kB
└ ○ /managerpanel                          1.35 kB         111 kB
+ First Load JS shared by all              78.6 kB
  ├ chunks/1dd3208c-71f73c4050d49ca5.js    50.5 kB
  ├ chunks/575-a2e44b00c660c1ee.js         26.1 kB
  ├ chunks/main-app-0e05f175d4ca2aa9.js    222 B
  └ chunks/webpack-56cd5006e27405e1.js     1.78 kB

Route (pages)                              Size     First Load JS
─ ○ /404                                   178 B          76.6 kB
+ First Load JS shared by all              76.4 kB
  ├ chunks/framework-0857c1c24dbfb1d6.js   45.1 kB
  ├ chunks/main-44e8a429fdabb2a9.js        29.4 kB
  ├ chunks/pages/_app-12a7bb3ca92362ee.js  195 B
  └ chunks/webpack-56cd5006e27405e1.js     1.78 kB

λ  (Server)  server-side renders at runtime (uses getInitialProps or getServerSideProps)
○  (Static)  automatically rendered as static HTML (uses no initial props)

